2024-06-15 19:49:42 - #----------Config info----------#
2024-06-15 19:49:42 - f: <_io.TextIOWrapper name='./parsed_args.txt' mode='r' encoding='UTF-8'>,
2024-06-15 19:49:42 - parsed_args: {'network': 'KANUSeg', 'datasets': 'PH2'},
2024-06-15 19:49:42 - line: datasets=PH2
,
2024-06-15 19:49:42 - key: datasets,
2024-06-15 19:49:42 - value: PH2,
2024-06-15 19:49:42 - network: KANUSeg,
2024-06-15 19:49:42 - datasets: PH2,
2024-06-15 19:49:42 - model_config: {'num_classes': 1, 'input_channels': 3, 'EMBED_DIM': 96, 'depths': [2, 2, 2, 2], 'depths_decoder': [2, 2, 2, 1], 'drop_path_rate': 0.2, 'load_ckpt_path': './pretrained_ckpt/vmamba_small_e238_ema.pth'},
2024-06-15 19:49:42 - data_path: ./data/PH2/,
2024-06-15 19:49:42 - criterion: BceDiceLoss(
  (bce): BCELoss(
    (bceloss): BCELoss()
  )
  (dice): DiceLoss()
),
2024-06-15 19:49:42 - pretrained_path: ./pre_trained/,
2024-06-15 19:49:42 - num_classes: 1,
2024-06-15 19:49:42 - input_size_h: 224,
2024-06-15 19:49:42 - input_size_w: 224,
2024-06-15 19:49:42 - input_channels: 3,
2024-06-15 19:49:42 - distributed: False,
2024-06-15 19:49:42 - local_rank: -1,
2024-06-15 19:49:42 - num_workers: 0,
2024-06-15 19:49:42 - seed: 42,
2024-06-15 19:49:42 - world_size: None,
2024-06-15 19:49:42 - rank: None,
2024-06-15 19:49:42 - amp: False,
2024-06-15 19:49:42 - gpu_id: 0,
2024-06-15 19:49:42 - batch_size: 1,
2024-06-15 19:49:42 - epochs: 300,
2024-06-15 19:49:42 - work_dir: output/KANUSeg_PH2_/,
2024-06-15 19:49:42 - print_interval: 20,
2024-06-15 19:49:42 - val_interval: 30,
2024-06-15 19:49:42 - save_interval: 10,
2024-06-15 19:49:42 - threshold: 0.5,
2024-06-15 19:49:42 - train_transformer: Compose(
    <utils.myNormalize object at 0x721e8ec804d0>
    <utils.myToTensor object at 0x721e8ed058d0>
    <utils.myRandomHorizontalFlip object at 0x721e8f10cb90>
    <utils.myRandomVerticalFlip object at 0x721e8ece79d0>
    <utils.myRandomRotation object at 0x721e8ecc0b10>
    <utils.myResize object at 0x721e8ea79b90>
),
2024-06-15 19:49:42 - test_transformer: Compose(
    <utils.myNormalize object at 0x721e8ea79c10>
    <utils.myToTensor object at 0x721e8ea79c50>
    <utils.myResize object at 0x721e8ea79c90>
),
2024-06-15 19:49:42 - opt: AdamW,
2024-06-15 19:49:42 - lr: 0.001,
2024-06-15 19:49:42 - betas: (0.9, 0.999),
2024-06-15 19:49:42 - eps: 1e-08,
2024-06-15 19:49:42 - weight_decay: 0.01,
2024-06-15 19:49:42 - amsgrad: False,
2024-06-15 19:49:42 - sch: CosineAnnealingLR,
2024-06-15 19:49:42 - T_max: 50,
2024-06-15 19:49:42 - eta_min: 1e-05,
2024-06-15 19:49:42 - last_epoch: -1,
2024-06-15 19:49:49 - flops: 0.185450496, params: 0.132081, Total params: : 7.9930
2024-06-15 19:49:59 - test of best model,  0.9701 &  0.9419 &  0.9528 &  0.9919 &  0.9492 & 0.9678, 
